Started GET "/" for 127.0.0.1 at 2017-12-30 12:55:57 -0500
Processing by Rails::WelcomeController#index as HTML
  Rendering /home/kevin/.rvm/gems/ruby-2.5.0/gems/railties-5.1.4/lib/rails/templates/rails/welcome/index.html.erb
  Rendered /home/kevin/.rvm/gems/ruby-2.5.0/gems/railties-5.1.4/lib/rails/templates/rails/welcome/index.html.erb (1.7ms)
Completed 200 OK in 120ms (Views: 3.7ms)


Started GET "/" for 127.0.0.1 at 2017-12-30 17:30:42 -0500
Processing by Rails::WelcomeController#index as HTML
  Rendering /home/kevin/.rvm/gems/ruby-2.5.0/gems/railties-5.1.4/lib/rails/templates/rails/welcome/index.html.erb
  Rendered /home/kevin/.rvm/gems/ruby-2.5.0/gems/railties-5.1.4/lib/rails/templates/rails/welcome/index.html.erb (1.6ms)
Completed 200 OK in 118ms (Views: 3.8ms)


Started GET "/" for 127.0.0.1 at 2017-12-30 22:37:13 -0500
Processing by Rails::WelcomeController#index as HTML
  Rendering /home/kevin/.rvm/gems/ruby-2.5.0/gems/railties-5.1.4/lib/rails/templates/rails/welcome/index.html.erb
  Rendered /home/kevin/.rvm/gems/ruby-2.5.0/gems/railties-5.1.4/lib/rails/templates/rails/welcome/index.html.erb (1.5ms)
Completed 200 OK in 120ms (Views: 3.4ms)


Started GET "/" for 127.0.0.1 at 2017-12-31 15:42:26 -0500
Processing by WelcomeController#index as HTML
  Rendering welcome/index.html.erb within layouts/application
  Rendered welcome/index.html.erb within layouts/application (19.8ms)
Completed 200 OK in 1674ms (Views: 1564.2ms)


Started GET "/" for 127.0.0.1 at 2017-12-31 15:45:45 -0500
Processing by WelcomeController#index as HTML
  Rendering welcome/index.html.erb within layouts/application
  Rendered welcome/index.html.erb within layouts/application (0.6ms)
Completed 200 OK in 226ms (Views: 113.1ms)


Started GET "/" for 127.0.0.1 at 2017-12-31 15:52:05 -0500
Processing by WelcomeController#index as HTML
  Rendering welcome/index.html.erb within layouts/application
  Rendered welcome/index.html.erb within layouts/application (0.9ms)
Completed 200 OK in 234ms (Views: 115.7ms)


Started GET "/" for 127.0.0.1 at 2017-12-31 16:19:38 -0500
Processing by WelcomeController#index as HTML
  Rendering welcome/index.html.erb within layouts/application
  Rendered welcome/index.html.erb within layouts/application (0.6ms)
Completed 200 OK in 224ms (Views: 108.6ms)


Started GET "/" for 127.0.0.1 at 2017-12-31 16:20:58 -0500
Processing by WelcomeController#index as HTML
  Rendering welcome/index.html.erb within layouts/application
  Rendered welcome/index.html.erb within layouts/application (0.7ms)
Completed 200 OK in 223ms (Views: 103.4ms)


Started GET "/" for 127.0.0.1 at 2017-12-31 16:48:54 -0500
Processing by WelcomeController#index as HTML
  Rendering welcome/index.html.erb within layouts/application
  Rendered welcome/index.html.erb within layouts/application (0.6ms)
Completed 200 OK in 223ms (Views: 108.2ms)


  [1m[35m (107.0ms)[0m  [1m[35mCREATE TABLE "schema_migrations" ("version" character varying NOT NULL PRIMARY KEY)[0m
  [1m[35m (32.0ms)[0m  [1m[35mCREATE TABLE "ar_internal_metadata" ("key" character varying NOT NULL PRIMARY KEY, "value" character varying, "created_at" timestamp NOT NULL, "updated_at" timestamp NOT NULL)[0m
  [1m[35m (0.6ms)[0m  [1m[34mSELECT pg_try_advisory_lock(7864839756650184315)[0m
  [1m[35m (0.8ms)[0m  [1m[34mSELECT "schema_migrations"."version" FROM "schema_migrations" ORDER BY "schema_migrations"."version" ASC[0m
  [1m[36mActiveRecord::InternalMetadata Load (0.6ms)[0m  [1m[34mSELECT  "ar_internal_metadata".* FROM "ar_internal_metadata" WHERE "ar_internal_metadata"."key" = $1 LIMIT $2[0m  [["key", "environment"], ["LIMIT", 1]]
  [1m[35m (0.4ms)[0m  [1m[35mBEGIN[0m
  [1m[35mSQL (0.8ms)[0m  [1m[32mINSERT INTO "ar_internal_metadata" ("key", "value", "created_at", "updated_at") VALUES ($1, $2, $3, $4) RETURNING "key"[0m  [["key", "environment"], ["value", "development"], ["created_at", "2017-12-31 21:50:44.260774"], ["updated_at", "2017-12-31 21:50:44.260774"]]
  [1m[35m (3.7ms)[0m  [1m[35mCOMMIT[0m
  [1m[35m (0.5ms)[0m  [1m[34mSELECT pg_advisory_unlock(7864839756650184315)[0m
  [1m[35m (0.5ms)[0m  [1m[34mSELECT "schema_migrations"."version" FROM "schema_migrations" ORDER BY "schema_migrations"."version" ASC[0m
Started GET "/" for 127.0.0.1 at 2018-01-03 16:53:55 -0500
Processing by WelcomeController#index as HTML
  Rendering welcome/index.html.erb within layouts/application
  Rendered welcome/index.html.erb within layouts/application (0.8ms)
Completed 200 OK in 318ms (Views: 121.6ms)


Started GET "/" for 127.0.0.1 at 2018-01-03 16:54:12 -0500
Processing by WelcomeController#index as HTML
  Rendering welcome/index.html.erb within layouts/application
  Rendered welcome/index.html.erb within layouts/application (0.9ms)
Completed 200 OK in 218ms (Views: 101.9ms)


Started GET "/" for 127.0.0.1 at 2018-01-03 17:01:10 -0500
Processing by WelcomeController#index as HTML
  Rendering welcome/index.html.erb within layouts/application
  Rendered welcome/index.html.erb within layouts/application (0.6ms)
Completed 200 OK in 214ms (Views: 100.9ms)


Started GET "/" for 127.0.0.1 at 2018-01-06 13:47:03 -0500
Processing by WelcomeController#index as HTML
  Rendering welcome/index.html.erb within layouts/application
  Rendered welcome/index.html.erb within layouts/application (0.7ms)
Completed 200 OK in 288ms (Views: 142.0ms)


Started GET "/" for 127.0.0.1 at 2018-01-06 14:15:17 -0500
Processing by PagesController#index as HTML
  Rendering pages/index.html.erb within layouts/application
  Rendered pages/index.html.erb within layouts/application (0.5ms)
Completed 200 OK in 300ms (Views: 174.2ms)


Started GET "/" for 127.0.0.1 at 2018-01-06 14:16:08 -0500
Processing by PagesController#index as HTML
  Rendering pages/index.html.erb within layouts/application
  Rendered pages/index.html.erb within layouts/application (0.5ms)
Completed 200 OK in 223ms (Views: 104.9ms)


Started GET "/pages/home" for 127.0.0.1 at 2018-01-06 14:16:18 -0500
Processing by PagesController#home as HTML
  Rendering pages/home.html.erb within layouts/application
  Rendered pages/home.html.erb within layouts/application (0.3ms)
Completed 200 OK in 12ms (Views: 10.7ms)


Started GET "/pages/explore" for 127.0.0.1 at 2018-01-06 14:16:21 -0500
Processing by PagesController#explore as HTML
  Rendering pages/explore.html.erb within layouts/application
  Rendered pages/explore.html.erb within layouts/application (0.7ms)
Completed 200 OK in 28ms (Views: 25.9ms)


Started GET "/explore" for 127.0.0.1 at 2018-01-06 14:16:26 -0500
  
ActionController::RoutingError (No route matches [GET] "/explore"):
  
actionpack (5.1.4) lib/action_dispatch/middleware/debug_exceptions.rb:63:in `call'
web-console (3.5.1) lib/web_console/middleware.rb:135:in `call_app'
web-console (3.5.1) lib/web_console/middleware.rb:28:in `block in call'
web-console (3.5.1) lib/web_console/middleware.rb:18:in `catch'
web-console (3.5.1) lib/web_console/middleware.rb:18:in `call'
actionpack (5.1.4) lib/action_dispatch/middleware/show_exceptions.rb:31:in `call'
railties (5.1.4) lib/rails/rack/logger.rb:36:in `call_app'
railties (5.1.4) lib/rails/rack/logger.rb:24:in `block in call'
activesupport (5.1.4) lib/active_support/tagged_logging.rb:69:in `block in tagged'
activesupport (5.1.4) lib/active_support/tagged_logging.rb:26:in `tagged'
activesupport (5.1.4) lib/active_support/tagged_logging.rb:69:in `tagged'
railties (5.1.4) lib/rails/rack/logger.rb:24:in `call'
sprockets-rails (3.2.1) lib/sprockets/rails/quiet_assets.rb:13:in `call'
actionpack (5.1.4) lib/action_dispatch/middleware/remote_ip.rb:79:in `call'
actionpack (5.1.4) lib/action_dispatch/middleware/request_id.rb:25:in `call'
rack (2.0.3) lib/rack/method_override.rb:22:in `call'
rack (2.0.3) lib/rack/runtime.rb:22:in `call'
activesupport (5.1.4) lib/active_support/cache/strategy/local_cache_middleware.rb:27:in `call'
actionpack (5.1.4) lib/action_dispatch/middleware/executor.rb:12:in `call'
actionpack (5.1.4) lib/action_dispatch/middleware/static.rb:125:in `call'
rack (2.0.3) lib/rack/sendfile.rb:111:in `call'
railties (5.1.4) lib/rails/engine.rb:522:in `call'
puma (3.11.0) lib/puma/configuration.rb:225:in `call'
puma (3.11.0) lib/puma/server.rb:624:in `handle_request'
puma (3.11.0) lib/puma/server.rb:438:in `process_client'
puma (3.11.0) lib/puma/server.rb:302:in `block in run'
puma (3.11.0) lib/puma/thread_pool.rb:120:in `block in spawn_thread'
Started GET "/explore" for 127.0.0.1 at 2018-01-06 14:17:31 -0500
  
ActionController::RoutingError (No route matches [GET] "/explore"):
  
actionpack (5.1.4) lib/action_dispatch/middleware/debug_exceptions.rb:63:in `call'
web-console (3.5.1) lib/web_console/middleware.rb:135:in `call_app'
web-console (3.5.1) lib/web_console/middleware.rb:28:in `block in call'
web-console (3.5.1) lib/web_console/middleware.rb:18:in `catch'
web-console (3.5.1) lib/web_console/middleware.rb:18:in `call'
actionpack (5.1.4) lib/action_dispatch/middleware/show_exceptions.rb:31:in `call'
railties (5.1.4) lib/rails/rack/logger.rb:36:in `call_app'
railties (5.1.4) lib/rails/rack/logger.rb:24:in `block in call'
activesupport (5.1.4) lib/active_support/tagged_logging.rb:69:in `block in tagged'
activesupport (5.1.4) lib/active_support/tagged_logging.rb:26:in `tagged'
activesupport (5.1.4) lib/active_support/tagged_logging.rb:69:in `tagged'
railties (5.1.4) lib/rails/rack/logger.rb:24:in `call'
sprockets-rails (3.2.1) lib/sprockets/rails/quiet_assets.rb:13:in `call'
actionpack (5.1.4) lib/action_dispatch/middleware/remote_ip.rb:79:in `call'
actionpack (5.1.4) lib/action_dispatch/middleware/request_id.rb:25:in `call'
rack (2.0.3) lib/rack/method_override.rb:22:in `call'
rack (2.0.3) lib/rack/runtime.rb:22:in `call'
activesupport (5.1.4) lib/active_support/cache/strategy/local_cache_middleware.rb:27:in `call'
actionpack (5.1.4) lib/action_dispatch/middleware/executor.rb:12:in `call'
actionpack (5.1.4) lib/action_dispatch/middleware/static.rb:125:in `call'
rack (2.0.3) lib/rack/sendfile.rb:111:in `call'
railties (5.1.4) lib/rails/engine.rb:522:in `call'
puma (3.11.0) lib/puma/configuration.rb:225:in `call'
puma (3.11.0) lib/puma/server.rb:624:in `handle_request'
puma (3.11.0) lib/puma/server.rb:438:in `process_client'
puma (3.11.0) lib/puma/server.rb:302:in `block in run'
puma (3.11.0) lib/puma/thread_pool.rb:120:in `block in spawn_thread'
Started GET "/pages/explore" for 127.0.0.1 at 2018-01-06 14:17:36 -0500
Processing by PagesController#explore as HTML
  Rendering pages/explore.html.erb within layouts/application
  Rendered pages/explore.html.erb within layouts/application (0.5ms)
Completed 200 OK in 16ms (Views: 15.0ms)


Started GET "/explore" for 127.0.0.1 at 2018-01-06 14:17:40 -0500
  
ActionController::RoutingError (No route matches [GET] "/explore"):
  
actionpack (5.1.4) lib/action_dispatch/middleware/debug_exceptions.rb:63:in `call'
web-console (3.5.1) lib/web_console/middleware.rb:135:in `call_app'
web-console (3.5.1) lib/web_console/middleware.rb:28:in `block in call'
web-console (3.5.1) lib/web_console/middleware.rb:18:in `catch'
web-console (3.5.1) lib/web_console/middleware.rb:18:in `call'
actionpack (5.1.4) lib/action_dispatch/middleware/show_exceptions.rb:31:in `call'
railties (5.1.4) lib/rails/rack/logger.rb:36:in `call_app'
railties (5.1.4) lib/rails/rack/logger.rb:24:in `block in call'
activesupport (5.1.4) lib/active_support/tagged_logging.rb:69:in `block in tagged'
activesupport (5.1.4) lib/active_support/tagged_logging.rb:26:in `tagged'
activesupport (5.1.4) lib/active_support/tagged_logging.rb:69:in `tagged'
railties (5.1.4) lib/rails/rack/logger.rb:24:in `call'
sprockets-rails (3.2.1) lib/sprockets/rails/quiet_assets.rb:13:in `call'
actionpack (5.1.4) lib/action_dispatch/middleware/remote_ip.rb:79:in `call'
actionpack (5.1.4) lib/action_dispatch/middleware/request_id.rb:25:in `call'
rack (2.0.3) lib/rack/method_override.rb:22:in `call'
rack (2.0.3) lib/rack/runtime.rb:22:in `call'
activesupport (5.1.4) lib/active_support/cache/strategy/local_cache_middleware.rb:27:in `call'
actionpack (5.1.4) lib/action_dispatch/middleware/executor.rb:12:in `call'
actionpack (5.1.4) lib/action_dispatch/middleware/static.rb:125:in `call'
rack (2.0.3) lib/rack/sendfile.rb:111:in `call'
railties (5.1.4) lib/rails/engine.rb:522:in `call'
puma (3.11.0) lib/puma/configuration.rb:225:in `call'
puma (3.11.0) lib/puma/server.rb:624:in `handle_request'
puma (3.11.0) lib/puma/server.rb:438:in `process_client'
puma (3.11.0) lib/puma/server.rb:302:in `block in run'
puma (3.11.0) lib/puma/thread_pool.rb:120:in `block in spawn_thread'
Started GET "/explore" for 127.0.0.1 at 2018-01-06 14:18:36 -0500
Processing by PagesController#explore as HTML
  Rendering pages/explore.html.erb within layouts/application
  Rendered pages/explore.html.erb within layouts/application (0.3ms)
Completed 200 OK in 23ms (Views: 21.7ms)


Started GET "/explore" for 127.0.0.1 at 2018-01-06 14:18:55 -0500
Processing by PagesController#explore as HTML
  Rendering pages/explore.html.erb within layouts/application
  Rendered pages/explore.html.erb within layouts/application (0.6ms)
Completed 200 OK in 39ms (Views: 35.6ms)


Started GET "/explore" for 127.0.0.1 at 2018-01-06 14:19:18 -0500
Processing by PagesController#explore as HTML
  Rendering pages/explore.html.erb within layouts/application
  Rendered pages/explore.html.erb within layouts/application (0.3ms)
Completed 200 OK in 25ms (Views: 10.9ms)


Started GET "/explore" for 127.0.0.1 at 2018-01-06 14:19:26 -0500
Processing by PagesController#explore as HTML
  Rendering pages/explore.html.erb within layouts/application
  Rendered pages/explore.html.erb within layouts/application (0.6ms)
Completed 200 OK in 26ms (Views: 24.2ms)


Started GET "/home" for 127.0.0.1 at 2018-01-06 14:19:28 -0500
Processing by PagesController#home as HTML
  Rendering pages/home.html.erb within layouts/application
  Rendered pages/home.html.erb within layouts/application (0.4ms)
Completed 200 OK in 21ms (Views: 19.7ms)


Started GET "/profile" for 127.0.0.1 at 2018-01-06 14:19:32 -0500
Processing by PagesController#profile as HTML
  Rendering pages/profile.html.erb within layouts/application
  Rendered pages/profile.html.erb within layouts/application (0.7ms)
Completed 200 OK in 28ms (Views: 26.3ms)


Started GET "/profile" for 127.0.0.1 at 2018-01-06 14:39:17 -0500
Processing by PagesController#profile as HTML
  Rendering pages/profile.html.erb within layouts/application
  Rendered pages/profile.html.erb within layouts/application (0.8ms)
Completed 200 OK in 2435ms (Views: 2336.6ms)


Started GET "/profile" for 127.0.0.1 at 2018-01-06 14:44:15 -0500
Processing by PagesController#profile as HTML
  Rendering pages/profile.html.erb within layouts/application
  Rendered pages/profile.html.erb within layouts/application (0.8ms)
  Rendered layouts/_nav.html.erb (0.3ms)
Completed 200 OK in 45ms (Views: 43.0ms)


Started GET "/profile" for 127.0.0.1 at 2018-01-06 14:45:05 -0500
Processing by PagesController#profile as HTML
  Rendering pages/profile.html.erb within layouts/application
  Rendered pages/profile.html.erb within layouts/application (0.6ms)
  Rendered layouts/_nav.html.erb (0.2ms)
Completed 200 OK in 49ms (Views: 47.0ms)


Started GET "/profile" for 127.0.0.1 at 2018-01-06 14:45:06 -0500
Processing by PagesController#profile as HTML
  Rendering pages/profile.html.erb within layouts/application
  Rendered pages/profile.html.erb within layouts/application (0.6ms)
  Rendered layouts/_nav.html.erb (0.3ms)
Completed 200 OK in 51ms (Views: 49.8ms)


Started GET "/profile" for 127.0.0.1 at 2018-01-06 14:45:10 -0500
Processing by PagesController#profile as HTML
  Rendering pages/profile.html.erb within layouts/application
  Rendered pages/profile.html.erb within layouts/application (0.3ms)
  Rendered layouts/_nav.html.erb (0.2ms)
Completed 200 OK in 32ms (Views: 31.2ms)


Started GET "/profile" for 127.0.0.1 at 2018-01-06 14:45:11 -0500
Processing by PagesController#profile as HTML
  Rendering pages/profile.html.erb within layouts/application
  Rendered pages/profile.html.erb within layouts/application (0.8ms)
  Rendered layouts/_nav.html.erb (0.3ms)
Completed 200 OK in 54ms (Views: 50.2ms)


Started GET "/profile" for 127.0.0.1 at 2018-01-06 14:45:12 -0500
Processing by PagesController#profile as HTML
  Rendering pages/profile.html.erb within layouts/application
  Rendered pages/profile.html.erb within layouts/application (0.5ms)
  Rendered layouts/_nav.html.erb (0.3ms)
Completed 200 OK in 52ms (Views: 50.3ms)


Started GET "/profile" for 127.0.0.1 at 2018-01-06 14:46:08 -0500
Processing by PagesController#profile as HTML
  Rendering pages/profile.html.erb within layouts/application
  Rendered pages/profile.html.erb within layouts/application (0.6ms)
  Rendered layouts/_nav.html.erb (0.3ms)
Completed 200 OK in 49ms (Views: 46.9ms)


Started GET "/profile" for 127.0.0.1 at 2018-01-06 14:47:03 -0500
Processing by PagesController#profile as HTML
  Rendering pages/profile.html.erb within layouts/application
  Rendered pages/profile.html.erb within layouts/application (0.7ms)
  Rendered layouts/_nav.html.erb (0.2ms)
Completed 200 OK in 47ms (Views: 46.0ms)


Started GET "/profile" for 127.0.0.1 at 2018-01-06 14:47:07 -0500
Processing by PagesController#profile as HTML
  Rendering pages/profile.html.erb within layouts/application
  Rendered pages/profile.html.erb within layouts/application (0.3ms)
  Rendered layouts/_nav.html.erb (0.2ms)
Completed 200 OK in 31ms (Views: 29.3ms)


Started GET "/profile" for 127.0.0.1 at 2018-01-06 14:48:27 -0500
Processing by PagesController#profile as HTML
  Rendering pages/profile.html.erb within layouts/application
  Rendered pages/profile.html.erb within layouts/application (0.5ms)
  Rendered layouts/_nav.html.erb (0.2ms)
Completed 200 OK in 44ms (Views: 42.4ms)


Started GET "/profile" for 127.0.0.1 at 2018-01-06 14:48:28 -0500
Processing by PagesController#profile as HTML
  Rendering pages/profile.html.erb within layouts/application
  Rendered pages/profile.html.erb within layouts/application (0.5ms)
  Rendered layouts/_nav.html.erb (0.3ms)
Completed 200 OK in 45ms (Views: 44.0ms)


Started GET "/profile" for 127.0.0.1 at 2018-01-06 14:50:37 -0500
Processing by PagesController#profile as HTML
  Rendering pages/profile.html.erb within layouts/application
  Rendered pages/profile.html.erb within layouts/application (0.6ms)
  Rendered layouts/_nav.html.erb (0.2ms)
Completed 200 OK in 51ms (Views: 49.2ms)


Started GET "/profile" for 127.0.0.1 at 2018-01-06 14:50:38 -0500
Processing by PagesController#profile as HTML
  Rendering pages/profile.html.erb within layouts/application
  Rendered pages/profile.html.erb within layouts/application (0.5ms)
  Rendered layouts/_nav.html.erb (0.2ms)
Completed 200 OK in 48ms (Views: 46.9ms)


Started GET "/profile" for 127.0.0.1 at 2018-01-06 14:51:33 -0500
Processing by PagesController#profile as HTML
  Rendering pages/profile.html.erb within layouts/application
  Rendered pages/profile.html.erb within layouts/application (0.5ms)
  Rendered layouts/_nav.html.erb (0.2ms)
Completed 200 OK in 48ms (Views: 46.3ms)


Started GET "/profile" for 127.0.0.1 at 2018-01-06 14:56:12 -0500
Processing by PagesController#profile as HTML
  Rendering pages/profile.html.erb within layouts/application
  Rendered pages/profile.html.erb within layouts/application (0.6ms)
  Rendered layouts/_nav.html.erb (0.3ms)
Completed 200 OK in 48ms (Views: 46.2ms)


Started GET "/profile" for 127.0.0.1 at 2018-01-06 14:56:20 -0500
Processing by PagesController#profile as HTML
  Rendering pages/profile.html.erb within layouts/application
  Rendered pages/profile.html.erb within layouts/application (0.3ms)
  Rendered layouts/_nav.html.erb (0.2ms)
Completed 200 OK in 32ms (Views: 31.0ms)


Started GET "/profile" for 127.0.0.1 at 2018-01-06 14:56:30 -0500
Processing by PagesController#profile as HTML
  Rendering pages/profile.html.erb within layouts/application
  Rendered pages/profile.html.erb within layouts/application (0.5ms)
  Rendered layouts/_nav.html.erb (0.2ms)
Completed 200 OK in 49ms (Views: 44.7ms)


Started GET "/profile" for 127.0.0.1 at 2018-01-06 14:57:58 -0500
Processing by PagesController#profile as HTML
  Rendering pages/profile.html.erb within layouts/application
  Rendered pages/profile.html.erb within layouts/application (0.6ms)
  Rendered layouts/_nav.html.erb (0.2ms)
Completed 200 OK in 46ms (Views: 44.3ms)


Started GET "/profile" for 127.0.0.1 at 2018-01-06 15:00:44 -0500
Processing by PagesController#profile as HTML
  Rendering pages/profile.html.erb within layouts/application
  Rendered pages/profile.html.erb within layouts/application (0.5ms)
  Rendered layouts/_nav.html.erb (0.2ms)
Completed 200 OK in 100ms (Views: 98.4ms)


Started GET "/profile" for 127.0.0.1 at 2018-01-06 15:01:52 -0500
Processing by PagesController#profile as HTML
  Rendering pages/profile.html.erb within layouts/application
  Rendered pages/profile.html.erb within layouts/application (0.5ms)
  Rendered layouts/_nav.html.erb (0.2ms)
Completed 200 OK in 49ms (Views: 47.4ms)


Started GET "/profile" for 127.0.0.1 at 2018-01-06 15:02:06 -0500
Processing by PagesController#profile as HTML
  Rendering pages/profile.html.erb within layouts/application
  Rendered pages/profile.html.erb within layouts/application (0.5ms)
  Rendered layouts/_nav.html.erb (0.3ms)
Completed 200 OK in 318ms (Views: 222.7ms)


Started GET "/profile" for 127.0.0.1 at 2018-01-06 15:02:26 -0500
Processing by PagesController#profile as HTML
  Rendering pages/profile.html.erb within layouts/application
  Rendered pages/profile.html.erb within layouts/application (0.6ms)
  Rendered layouts/_nav.html.erb (0.7ms)
Completed 200 OK in 60ms (Views: 58.0ms)


Started GET "/profile" for 127.0.0.1 at 2018-01-06 15:02:35 -0500
Processing by PagesController#profile as HTML
  Rendering pages/profile.html.erb within layouts/application
  Rendered pages/profile.html.erb within layouts/application (0.6ms)
  Rendered layouts/_nav.html.erb (0.3ms)
Completed 200 OK in 69ms (Views: 66.7ms)


Started GET "/profile" for 127.0.0.1 at 2018-01-06 15:05:00 -0500
Processing by PagesController#profile as HTML
  Rendering pages/profile.html.erb within layouts/application
  Rendered pages/profile.html.erb within layouts/application (1.1ms)
  Rendered layouts/_nav.html.erb (0.2ms)
Completed 200 OK in 103ms (Views: 101.6ms)


Started GET "/profile" for 127.0.0.1 at 2018-01-06 15:05:16 -0500
Processing by PagesController#profile as HTML
  Rendering pages/profile.html.erb within layouts/application
  Rendered pages/profile.html.erb within layouts/application (0.9ms)
  Rendered layouts/_nav.html.erb (0.3ms)
Completed 200 OK in 332ms (Views: 228.6ms)


Started GET "/profile" for 127.0.0.1 at 2018-01-06 15:05:18 -0500
Processing by PagesController#profile as HTML
  Rendering pages/profile.html.erb within layouts/application
  Rendered pages/profile.html.erb within layouts/application (0.5ms)
  Rendered layouts/_nav.html.erb (0.2ms)
Completed 200 OK in 71ms (Views: 69.3ms)


Started GET "/profile" for 127.0.0.1 at 2018-01-06 15:08:58 -0500
Processing by PagesController#profile as HTML
  Rendering pages/profile.html.erb within layouts/application
  Rendered pages/profile.html.erb within layouts/application (0.6ms)
  Rendered layouts/_nav.html.erb (0.3ms)
Completed 200 OK in 71ms (Views: 68.9ms)


Started GET "/profile" for 127.0.0.1 at 2018-01-06 15:10:44 -0500
Processing by PagesController#profile as HTML
  Rendering pages/profile.html.erb within layouts/application
  Rendered pages/profile.html.erb within layouts/application (0.8ms)
  Rendered layouts/_nav.html.erb (0.3ms)
Completed 200 OK in 48ms (Views: 46.3ms)


Started GET "/profile" for 127.0.0.1 at 2018-01-06 15:11:14 -0500
Processing by PagesController#profile as HTML
  Rendering pages/profile.html.erb within layouts/application
  Rendered pages/profile.html.erb within layouts/application (0.6ms)
  Rendered layouts/_nav.html.erb (0.4ms)
Completed 200 OK in 52ms (Views: 50.3ms)


Started GET "/profile" for 127.0.0.1 at 2018-01-06 15:12:02 -0500
Processing by PagesController#profile as HTML
  Rendering pages/profile.html.erb within layouts/application
  Rendered pages/profile.html.erb within layouts/application (0.6ms)
  Rendered layouts/_nav.html.erb (0.2ms)
Completed 200 OK in 53ms (Views: 51.5ms)


Started GET "/profile" for 127.0.0.1 at 2018-01-06 15:12:17 -0500
Processing by PagesController#profile as HTML
  Rendering pages/profile.html.erb within layouts/application
  Rendered pages/profile.html.erb within layouts/application (0.5ms)
  Rendered layouts/_nav.html.erb (0.2ms)
Completed 200 OK in 47ms (Views: 45.3ms)


Started GET "/profile" for 127.0.0.1 at 2018-01-06 15:13:19 -0500
Processing by PagesController#profile as HTML
  Rendering pages/profile.html.erb within layouts/application
  Rendered pages/profile.html.erb within layouts/application (0.6ms)
  Rendered layouts/_nav.html.erb (0.2ms)
Completed 200 OK in 42ms (Views: 40.4ms)


Started GET "/profile" for 127.0.0.1 at 2018-01-06 15:16:31 -0500
Processing by PagesController#profile as HTML
  Rendering pages/profile.html.erb within layouts/application
  Rendered pages/profile.html.erb within layouts/application (0.6ms)
  Rendered layouts/_nav.html.erb (0.2ms)
Completed 200 OK in 50ms (Views: 48.2ms)


Started GET "/profile" for 127.0.0.1 at 2018-01-06 15:16:39 -0500
Processing by PagesController#profile as HTML
  Rendering pages/profile.html.erb within layouts/application
  Rendered pages/profile.html.erb within layouts/application (0.4ms)
  Rendered layouts/_nav.html.erb (0.2ms)
Completed 200 OK in 30ms (Views: 28.6ms)


Started GET "/profile" for 127.0.0.1 at 2018-01-06 15:17:44 -0500
Processing by PagesController#profile as HTML
  Rendering pages/profile.html.erb within layouts/application
  Rendered pages/profile.html.erb within layouts/application (0.5ms)
  Rendered layouts/_nav.html.erb (0.3ms)
Completed 200 OK in 48ms (Views: 46.2ms)


Started GET "/profile" for 127.0.0.1 at 2018-01-06 15:17:54 -0500
Processing by PagesController#profile as HTML
  Rendering pages/profile.html.erb within layouts/application
  Rendered pages/profile.html.erb within layouts/application (0.5ms)
  Rendered layouts/_nav.html.erb (0.2ms)
Completed 200 OK in 51ms (Views: 41.5ms)


Started GET "/profile" for 127.0.0.1 at 2018-01-06 15:18:02 -0500
Processing by PagesController#profile as HTML
  Rendering pages/profile.html.erb within layouts/application
  Rendered pages/profile.html.erb within layouts/application (0.5ms)
  Rendered layouts/_nav.html.erb (0.3ms)
Completed 200 OK in 47ms (Views: 45.3ms)


Started GET "/profile" for 127.0.0.1 at 2018-01-06 15:19:12 -0500
Processing by PagesController#profile as HTML
  Rendering pages/profile.html.erb within layouts/application
  Rendered pages/profile.html.erb within layouts/application (0.7ms)
  Rendered layouts/_nav.html.erb (0.2ms)
Completed 200 OK in 52ms (Views: 50.6ms)


Started GET "/profile" for 127.0.0.1 at 2018-01-06 15:20:29 -0500
Processing by PagesController#profile as HTML
  Rendering pages/profile.html.erb within layouts/application
  Rendered pages/profile.html.erb within layouts/application (0.2ms)
  Rendered layouts/_nav.html.erb (0.2ms)
Completed 200 OK in 28ms (Views: 26.9ms)


Started GET "/profile" for 127.0.0.1 at 2018-01-06 15:20:31 -0500
Processing by PagesController#profile as HTML
  Rendering pages/profile.html.erb within layouts/application
  Rendered pages/profile.html.erb within layouts/application (0.2ms)
  Rendered layouts/_nav.html.erb (0.2ms)
Completed 200 OK in 29ms (Views: 28.5ms)


Started GET "/profile" for 127.0.0.1 at 2018-01-06 15:20:57 -0500
Processing by PagesController#profile as HTML
  Rendering pages/profile.html.erb within layouts/application
  Rendered pages/profile.html.erb within layouts/application (0.5ms)
  Rendered layouts/_nav.html.erb (0.3ms)
Completed 200 OK in 48ms (Views: 46.5ms)


Started GET "/profile" for 127.0.0.1 at 2018-01-06 15:21:08 -0500
Processing by PagesController#profile as HTML
  Rendering pages/profile.html.erb within layouts/application
  Rendered pages/profile.html.erb within layouts/application (0.5ms)
  Rendered layouts/_nav.html.erb (0.2ms)
Completed 200 OK in 50ms (Views: 48.8ms)


Started GET "/profile" for 127.0.0.1 at 2018-01-06 15:21:50 -0500
Processing by PagesController#profile as HTML
  Rendering pages/profile.html.erb within layouts/application
  Rendered pages/profile.html.erb within layouts/application (0.5ms)
  Rendered layouts/_nav.html.erb (0.2ms)
Completed 200 OK in 53ms (Views: 51.4ms)


Started GET "/profile" for 127.0.0.1 at 2018-01-06 15:23:00 -0500
Processing by PagesController#profile as HTML
  Rendering pages/profile.html.erb within layouts/application
  Rendered pages/profile.html.erb within layouts/application (0.6ms)
  Rendered layouts/_nav.html.erb (0.2ms)
Completed 200 OK in 41ms (Views: 39.3ms)


Started GET "/profile" for 127.0.0.1 at 2018-01-06 15:23:42 -0500
Processing by PagesController#profile as HTML
  Rendering pages/profile.html.erb within layouts/application
  Rendered pages/profile.html.erb within layouts/application (0.5ms)
  Rendered layouts/_nav.html.erb (0.2ms)
Completed 200 OK in 47ms (Views: 46.0ms)


Started GET "/profile" for 127.0.0.1 at 2018-01-06 15:25:10 -0500
Processing by PagesController#profile as HTML
  Rendering pages/profile.html.erb within layouts/application
  Rendered pages/profile.html.erb within layouts/application (0.6ms)
  Rendered layouts/_nav.html.erb (0.2ms)
Completed 200 OK in 49ms (Views: 47.7ms)


Started GET "/profile" for 127.0.0.1 at 2018-01-06 15:27:48 -0500
Processing by PagesController#profile as HTML
  Rendering pages/profile.html.erb within layouts/application
  Rendered pages/profile.html.erb within layouts/application (0.6ms)
  Rendered layouts/_nav.html.erb (0.2ms)
Completed 200 OK in 48ms (Views: 46.3ms)


Started GET "/home" for 127.0.0.1 at 2018-01-06 15:29:22 -0500
Processing by PagesController#home as HTML
  Rendering pages/home.html.erb within layouts/application
  Rendered pages/home.html.erb within layouts/application (0.6ms)
  Rendered layouts/_nav.html.erb (0.2ms)
Completed 200 OK in 41ms (Views: 39.2ms)


Started GET "/home" for 127.0.0.1 at 2018-01-06 15:34:36 -0500
Processing by PagesController#home as HTML
  Rendering pages/home.html.erb within layouts/application
  Rendered pages/home.html.erb within layouts/application (0.6ms)
  Rendered layouts/_nav.html.erb (0.2ms)
Completed 200 OK in 47ms (Views: 45.7ms)


Started GET "/home" for 127.0.0.1 at 2018-01-06 15:35:02 -0500
Processing by PagesController#home as HTML
  Rendering pages/home.html.erb within layouts/application
  Rendered pages/home.html.erb within layouts/application (0.8ms)
  Rendered layouts/_nav.html.erb (0.2ms)
Completed 200 OK in 47ms (Views: 45.8ms)


Started GET "/home" for 127.0.0.1 at 2018-01-06 15:45:37 -0500
Processing by PagesController#home as HTML
  Rendering pages/home.html.erb within layouts/application
  Rendered pages/home.html.erb within layouts/application (0.3ms)
  Rendered layouts/_nav.html.erb (0.3ms)
Completed 200 OK in 39ms (Views: 38.3ms)


Started GET "/home" for 127.0.0.1 at 2018-01-06 15:48:17 -0500
Processing by PagesController#home as HTML
  Rendering pages/home.html.erb within layouts/application
  Rendered pages/home.html.erb within layouts/application (0.5ms)
  Rendered layouts/_nav.html.erb (0.3ms)
Completed 200 OK in 47ms (Views: 45.2ms)


Started GET "/home" for 127.0.0.1 at 2018-01-06 15:49:32 -0500
Processing by PagesController#home as HTML
  Rendering pages/home.html.erb within layouts/application
  Rendered pages/home.html.erb within layouts/application (0.3ms)
  Rendered layouts/_nav.html.erb (0.2ms)
Completed 200 OK in 33ms (Views: 32.3ms)


Started GET "/home" for 127.0.0.1 at 2018-01-06 15:56:09 -0500
Processing by PagesController#home as HTML
  Rendering pages/home.html.erb within layouts/application
  Rendered pages/home.html.erb within layouts/application (0.5ms)
  Rendered layouts/_nav.html.erb (0.2ms)
Completed 200 OK in 41ms (Views: 39.5ms)


Started GET "/profile" for 127.0.0.1 at 2018-01-06 15:56:11 -0500
Processing by PagesController#profile as HTML
  Rendering pages/profile.html.erb within layouts/application
  Rendered pages/profile.html.erb within layouts/application (0.2ms)
  Rendered layouts/_nav.html.erb (0.3ms)
Completed 200 OK in 31ms (Views: 30.3ms)


Started GET "/home" for 127.0.0.1 at 2018-01-06 15:56:13 -0500
Processing by PagesController#home as HTML
  Rendering pages/home.html.erb within layouts/application
  Rendered pages/home.html.erb within layouts/application (0.6ms)
  Rendered layouts/_nav.html.erb (0.2ms)
Completed 200 OK in 40ms (Views: 38.9ms)


Started GET "/home" for 127.0.0.1 at 2018-01-06 15:56:36 -0500
Processing by PagesController#home as HTML
  Rendering pages/home.html.erb within layouts/application
  Rendered pages/home.html.erb within layouts/application (0.5ms)
  Rendered layouts/_nav.html.erb (0.2ms)
Completed 200 OK in 44ms (Views: 42.5ms)


Started GET "/home" for 127.0.0.1 at 2018-01-06 15:56:49 -0500
Processing by PagesController#home as HTML
  Rendering pages/home.html.erb within layouts/application
  Rendered pages/home.html.erb within layouts/application (0.7ms)
  Rendered layouts/_nav.html.erb (0.2ms)
Completed 200 OK in 51ms (Views: 49.8ms)


Started GET "/profile" for 127.0.0.1 at 2018-01-06 15:56:51 -0500
Processing by PagesController#profile as HTML
  Rendering pages/profile.html.erb within layouts/application
  Rendered pages/profile.html.erb within layouts/application (0.5ms)
  Rendered layouts/_nav.html.erb (0.3ms)
Completed 200 OK in 46ms (Views: 44.3ms)


Started GET "/home" for 127.0.0.1 at 2018-01-06 15:56:53 -0500
Processing by PagesController#home as HTML
  Rendering pages/home.html.erb within layouts/application
  Rendered pages/home.html.erb within layouts/application (0.5ms)
  Rendered layouts/_nav.html.erb (0.2ms)
Completed 200 OK in 34ms (Views: 32.8ms)


Started GET "/profile" for 127.0.0.1 at 2018-01-06 15:56:58 -0500
Processing by PagesController#profile as HTML
  Rendering pages/profile.html.erb within layouts/application
  Rendered pages/profile.html.erb within layouts/application (0.3ms)
  Rendered layouts/_nav.html.erb (0.2ms)
Completed 200 OK in 29ms (Views: 27.4ms)


Started GET "/profile" for 127.0.0.1 at 2018-01-06 15:57:00 -0500
Processing by PagesController#profile as HTML
  Rendering pages/profile.html.erb within layouts/application
  Rendered pages/profile.html.erb within layouts/application (0.3ms)
  Rendered layouts/_nav.html.erb (0.2ms)
Completed 200 OK in 30ms (Views: 28.7ms)


Started GET "/profile" for 127.0.0.1 at 2018-01-06 15:57:36 -0500
Processing by PagesController#profile as HTML
  Rendering pages/profile.html.erb within layouts/application
  Rendered pages/profile.html.erb within layouts/application (0.7ms)
  Rendered layouts/_nav.html.erb (0.2ms)
Completed 200 OK in 256ms (Views: 160.1ms)


